\BOOKMARK [0][-]{chapter.1}{Software Requirement Specification}{}
\BOOKMARK [1][-]{section.1.1}{Introduction}{chapter.1}
\BOOKMARK [1][-]{section.1.2}{Document Purpose}{chapter.1}
\BOOKMARK [1][-]{section.1.3}{Product Scope}{chapter.1}
\BOOKMARK [1][-]{section.1.4}{Intended Audience And Document Overview}{chapter.1}
\BOOKMARK [1][-]{section.1.5}{Definitions, Acronyms And Abbreviations }{chapter.1}
\BOOKMARK [0][-]{chapter.2}{Overall Description}{}
\BOOKMARK [1][-]{section.2.1}{Product Perspective}{chapter.2}
\BOOKMARK [1][-]{section.2.2}{Product Functionality}{chapter.2}
\BOOKMARK [2][-]{subsection.2.2.1}{Online Modules for Application}{section.2.2}
\BOOKMARK [2][-]{subsection.2.2.2}{Offline Modules for Application}{section.2.2}
\BOOKMARK [2][-]{subsection.2.2.3}{Web Portal}{section.2.2}
\BOOKMARK [1][-]{section.2.3}{Users And Characteristics}{chapter.2}
\BOOKMARK [1][-]{section.2.4}{Operating Environment}{chapter.2}
\BOOKMARK [1][-]{section.2.5}{Design and Implementation Constraints}{chapter.2}
\BOOKMARK [1][-]{section.2.6}{User Documentation}{chapter.2}
\BOOKMARK [1][-]{section.2.7}{Assumption And Dependencies}{chapter.2}
\BOOKMARK [0][-]{chapter.3}{Specific Requirements}{}
\BOOKMARK [1][-]{section.3.1}{External Interface Requirements}{chapter.3}
\BOOKMARK [2][-]{subsection.3.1.1}{User Interface}{section.3.1}
\BOOKMARK [2][-]{subsection.3.1.2}{Hardware Interface}{section.3.1}
\BOOKMARK [2][-]{subsection.3.1.3}{Software Interface}{section.3.1}
\BOOKMARK [1][-]{section.3.2}{Functional Requirement}{chapter.3}
\BOOKMARK [2][-]{subsection.3.2.1}{Online modules}{section.3.2}
\BOOKMARK [3][-]{subsubsection.3.2.1.1}{Theory:}{subsection.3.2.1}
\BOOKMARK [3][-]{subsubsection.3.2.1.2}{Procedure}{subsection.3.2.1}
\BOOKMARK [3][-]{subsubsection.3.2.1.3}{Video}{subsection.3.2.1}
\BOOKMARK [3][-]{subsubsection.3.2.1.4}{Simulation}{subsection.3.2.1}
\BOOKMARK [3][-]{subsubsection.3.2.1.5}{Quiz}{subsection.3.2.1}
\BOOKMARK [3][-]{subsubsection.3.2.1.6}{Resources}{subsection.3.2.1}
\BOOKMARK [2][-]{subsection.3.2.2}{Offline modules}{section.3.2}
\BOOKMARK [3][-]{subsubsection.3.2.2.1}{Theory:}{subsection.3.2.2}
\BOOKMARK [3][-]{subsubsection.3.2.2.2}{Procedure}{subsection.3.2.2}
\BOOKMARK [3][-]{subsubsection.3.2.2.3}{Simulation}{subsection.3.2.2}
\BOOKMARK [3][-]{subsubsection.3.2.2.4}{Quiz}{subsection.3.2.2}
\BOOKMARK [3][-]{subsubsection.3.2.2.5}{Resources}{subsection.3.2.2}
\BOOKMARK [2][-]{subsection.3.2.3}{Web portal}{section.3.2}
\BOOKMARK [3][-]{subsubsection.3.2.3.1}{Upload}{subsection.3.2.3}
\BOOKMARK [3][-]{subsubsection.3.2.3.2}{Review}{subsection.3.2.3}
\BOOKMARK [3][-]{subsubsection.3.2.3.3}{Contact us}{subsection.3.2.3}
\BOOKMARK [3][-]{subsubsection.3.2.3.4}{Download}{subsection.3.2.3}
\BOOKMARK [0][-]{chapter.4}{Non Functional Requirement}{}
\BOOKMARK [1][-]{section.4.1}{Software Quality Attributes }{chapter.4}
\BOOKMARK [2][-]{subsection.4.1.1}{Reliability:}{section.4.1}
\BOOKMARK [2][-]{subsection.4.1.2}{Maintainability:}{section.4.1}
\BOOKMARK [0][-]{chapter.5}{Design Document and Implementation}{}
\BOOKMARK [1][-]{section.5.1}{Resource Requirements}{chapter.5}
\BOOKMARK [2][-]{subsection.5.1.1}{HW Requirements}{section.5.1}
\BOOKMARK [2][-]{subsection.5.1.2}{SW Requirements}{section.5.1}
\BOOKMARK [1][-]{section.5.2}{Software Development Life Cycle Model}{chapter.5}
\BOOKMARK [1][-]{section.5.3}{High Level Design Document}{chapter.5}
\BOOKMARK [2][-]{subsection.5.3.1}{Use Case Diagram}{section.5.3}
\BOOKMARK [2][-]{subsection.5.3.2}{Use Case Description}{section.5.3}
\BOOKMARK [2][-]{subsection.5.3.3}{Activity Diagram}{section.5.3}
\BOOKMARK [2][-]{subsection.5.3.4}{Class Diagram}{section.5.3}
\BOOKMARK [2][-]{subsection.5.3.5}{Data Flow Diagrams}{section.5.3}
\BOOKMARK [2][-]{subsection.5.3.6}{Sequence Diagram:}{section.5.3}
\BOOKMARK [2][-]{subsection.5.3.7}{E-R Diagram :}{section.5.3}
\BOOKMARK [0][-]{chapter.6}{Testing}{}
\BOOKMARK [1][-]{section.6.1}{Testing technique used}{chapter.6}
\BOOKMARK [2][-]{subsection.6.1.1}{Unit Testing: }{section.6.1}
\BOOKMARK [2][-]{subsection.6.1.2}{Integration Testing }{section.6.1}
\BOOKMARK [2][-]{subsection.6.1.3}{System Testing}{section.6.1}
\BOOKMARK [0][-]{chapter.7}{User Manual - Virtualis}{}
\BOOKMARK [1][-]{section.7.1}{Introduction}{chapter.7}
\BOOKMARK [1][-]{section.7.2}{Online Mode}{chapter.7}
\BOOKMARK [2][-]{subsection.7.2.1}{Function for Experiment}{section.7.2}
\BOOKMARK [3][-]{subsubsection.7.2.1.1}{Save Experiment}{subsection.7.2.1}
\BOOKMARK [3][-]{subsubsection.7.2.1.2}{Update Experiment}{subsection.7.2.1}
\BOOKMARK [3][-]{subsubsection.7.2.1.3}{Delete Experiment}{subsection.7.2.1}
\BOOKMARK [2][-]{subsection.7.2.2}{Parts of an Experiment}{section.7.2}
\BOOKMARK [3][-]{subsubsection.7.2.2.1}{Theory}{subsection.7.2.2}
\BOOKMARK [3][-]{subsubsection.7.2.2.2}{Procedure}{subsection.7.2.2}
\BOOKMARK [3][-]{subsubsection.7.2.2.3}{videos}{subsection.7.2.2}
\BOOKMARK [3][-]{subsubsection.7.2.2.4}{Simulation}{subsection.7.2.2}
\BOOKMARK [3][-]{subsubsection.7.2.2.5}{Run Guided Simulation}{subsection.7.2.2}
\BOOKMARK [3][-]{subsubsection.7.2.2.6}{Run Blender}{subsection.7.2.2}
\BOOKMARK [3][-]{subsubsection.7.2.2.7}{Quiz}{subsection.7.2.2}
\BOOKMARK [3][-]{subsubsection.7.2.2.8}{Resources}{subsection.7.2.2}
\BOOKMARK [1][-]{section.7.3}{Offline Mode}{chapter.7}
\BOOKMARK [1][-]{section.7.4}{Online - Offline Mode}{chapter.7}
\BOOKMARK [1][-]{section.7.5}{Flow of Virtualis}{chapter.7}
\BOOKMARK [1][-]{section.7.6}{Simulation Flow View}{chapter.7}
\BOOKMARK [2][-]{subsection.7.6.1}{Continuous Mode :}{section.7.6}
\BOOKMARK [2][-]{subsection.7.6.2}{Ghost Mode :}{section.7.6}
\BOOKMARK [3][-]{subsubsection.7.6.2.1}{Move Mode :}{subsection.7.6.2}
\BOOKMARK [3][-]{subsubsection.7.6.2.2}{Scale/ Rotate Mode :}{subsection.7.6.2}
\BOOKMARK [3][-]{subsubsection.7.6.2.3}{Delete Mode :}{subsection.7.6.2}
\BOOKMARK [3][-]{subsubsection.7.6.2.4}{Play Button}{subsection.7.6.2}
\BOOKMARK [3][-]{subsubsection.7.6.2.5}{Reset Button :}{subsection.7.6.2}
\BOOKMARK [3][-]{subsubsection.7.6.2.6}{The GhostMode Toggle:}{subsection.7.6.2}
\BOOKMARK [3][-]{subsubsection.7.6.2.7}{The Cont/Step Mode Toggle:}{subsection.7.6.2}
\BOOKMARK [3][-]{subsubsection.7.6.2.8}{Mode Group :}{subsection.7.6.2}
\BOOKMARK [3][-]{subsubsection.7.6.2.9}{The scale and Rotate bar :}{subsection.7.6.2}
\BOOKMARK [0][-]{chapter.8}{User Manual - Web Portal}{}
\BOOKMARK [1][-]{section.8.1}{Introduction}{chapter.8}
\BOOKMARK [2][-]{subsection.8.1.1}{Uploading the experiment}{section.8.1}
\BOOKMARK [2][-]{subsection.8.1.2}{Viewing the experiment}{section.8.1}
\BOOKMARK [2][-]{subsection.8.1.3}{Contributor registration}{section.8.1}
\BOOKMARK [2][-]{subsection.8.1.4}{Reviewer registration}{section.8.1}
\BOOKMARK [2][-]{subsection.8.1.5}{Performing simulation}{section.8.1}
\BOOKMARK [3][-]{subsubsection.8.1.5.1}{One is contributor's mode}{subsection.8.1.5}
\BOOKMARK [3][-]{subsubsection.8.1.5.2}{Student mode}{subsection.8.1.5}
\BOOKMARK [2][-]{subsection.8.1.6}{Playing Quiz}{section.8.1}
\BOOKMARK [3][-]{subsubsection.8.1.6.1}{Quiz Evaluation}{subsection.8.1.6}
\BOOKMARK [3][-]{subsubsection.8.1.6.2}{Summary of quiz}{subsection.8.1.6}
\BOOKMARK [2][-]{subsection.8.1.7}{Sending messages to admin}{section.8.1}
\BOOKMARK [2][-]{subsection.8.1.8}{Key Notes about Web Portal}{section.8.1}
\BOOKMARK [1][-]{section.8.2}{Flow View of Web Portal}{chapter.8}
\BOOKMARK [0][-]{chapter.9}{Conclusion}{}
\BOOKMARK [1][-]{section.9.1}{Future Enhancement}{chapter.9}
\BOOKMARK [0][-]{chapter.10}{References}{}
\BOOKMARK [1][-]{section.10.1}{Web References}{chapter.10}
