This is pdfTeX, Version 3.1415926-1.40.10 (TeX Live 2009/Debian) (format=pdflatex 2014.5.20)  2 JUL 2014 20:40
entering extended mode
 %&-line parsing enabled.
**Project-Report-Template.tex
(./Project-Report-Template.tex
LaTeX2e <2009/09/24>
Babel <v3.8l> and hyphenation patterns for english, usenglishmax, dumylang, noh
yphenation, loaded.
(/usr/share/texmf-texlive/tex/latex/base/report.cls
Document Class: report 2007/10/19 v1.4h Standard LaTeX document class
(/usr/share/texmf-texlive/tex/latex/base/size12.clo
File: size12.clo 2007/10/19 v1.4h Standard LaTeX file (size option)
)
\c@part=\count79
\c@chapter=\count80
\c@section=\count81
\c@subsection=\count82
\c@subsubsection=\count83
\c@paragraph=\count84
\c@subparagraph=\count85
\c@figure=\count86
\c@table=\count87
\abovecaptionskip=\skip41
\belowcaptionskip=\skip42
\bibindent=\dimen102
)
(/usr/share/texmf-texlive/tex/latex/geometry/geometry.sty
Package: geometry 2008/12/21 v4.2 Page Geometry

(/usr/share/texmf-texlive/tex/latex/graphics/keyval.sty
Package: keyval 1999/03/16 v1.13 key=value parser (DPC)
\KV@toks@=\toks14
)
(/usr/share/texmf-texlive/tex/generic/oberdiek/ifpdf.sty
Package: ifpdf 2009/04/10 v2.0 Provides the ifpdf switch (HO)
Package ifpdf Info: pdfTeX in pdf mode detected.
)
(/usr/share/texmf-texlive/tex/generic/oberdiek/ifvtex.sty
Package: ifvtex 2008/11/04 v1.4 Switches for detecting VTeX and its modes (HO)
Package ifvtex Info: VTeX not detected.
)
\Gm@cnth=\count88
\Gm@cntv=\count89
\c@Gm@tempcnt=\count90
\Gm@bindingoffset=\dimen103
\Gm@wd@mp=\dimen104
\Gm@odd@mp=\dimen105
\Gm@even@mp=\dimen106
\Gm@dimlist=\toks15
)
(/usr/share/texmf-texlive/tex/latex/graphics/graphicx.sty
Package: graphicx 1999/02/16 v1.0f Enhanced LaTeX Graphics (DPC,SPQR)

(/usr/share/texmf-texlive/tex/latex/graphics/graphics.sty
Package: graphics 2009/02/05 v1.0o Standard LaTeX Graphics (DPC,SPQR)

(/usr/share/texmf-texlive/tex/latex/graphics/trig.sty
Package: trig 1999/03/16 v1.09 sin cos tan (DPC)
)
(/etc/texmf/tex/latex/config/graphics.cfg
File: graphics.cfg 2009/08/28 v1.8 graphics configuration of TeX Live
)
Package graphics Info: Driver file: pdftex.def on input line 91.

(/usr/share/texmf-texlive/tex/latex/pdftex-def/pdftex.def
File: pdftex.def 2010/03/12 v0.04p Graphics/color for pdfTeX
\Gread@gobject=\count91
))
\Gin@req@height=\dimen107
\Gin@req@width=\dimen108
)
(/usr/share/texmf-texlive/tex/latex/ltxmisc/url.sty
\Urlmuskip=\muskip10
Package: url 2006/04/12  ver 3.3  Verb mode for urls, etc.
)
(/usr/share/texmf-texlive/tex/latex/cite/chapterbib.sty
\c@inputfile=\count92
Package: chapterbib 2009/03/31  v 1.14
)
(/usr/share/texmf-texlive/tex/latex/hyperref/hyperref.sty
Package: hyperref 2009/10/09 v6.79a Hypertext links for LaTeX

(/usr/share/texmf-texlive/tex/generic/ifxetex/ifxetex.sty
Package: ifxetex 2009/01/23 v0.5 Provides ifxetex conditional
)
(/usr/share/texmf-texlive/tex/latex/oberdiek/hycolor.sty
Package: hycolor 2009/10/02 v1.5 Code for color options of hyperref/bookmark (H
O)

(/usr/share/texmf-texlive/tex/latex/oberdiek/xcolor-patch.sty
Package: xcolor-patch 2009/10/02 xcolor patch
))
\@linkdim=\dimen109
\Hy@linkcounter=\count93
\Hy@pagecounter=\count94

(/usr/share/texmf-texlive/tex/latex/hyperref/pd1enc.def
File: pd1enc.def 2009/10/09 v6.79a Hyperref: PDFDocEncoding definition (HO)
)
(/usr/share/texmf-texlive/tex/generic/oberdiek/etexcmds.sty
Package: etexcmds 2007/12/12 v1.2 Prefix for e-TeX command names (HO)

(/usr/share/texmf-texlive/tex/generic/oberdiek/infwarerr.sty
Package: infwarerr 2007/09/09 v1.2 Providing info/warning/message (HO)
)
Package etexcmds Info: Could not find \expanded.
(etexcmds)             That can mean that you are not using pdfTeX 1.50 or
(etexcmds)             that some package has redefined \expanded.
(etexcmds)             In the latter case, load this package earlier.
)
(/usr/share/texmf-texlive/tex/latex/latexconfig/hyperref.cfg
File: hyperref.cfg 2002/06/06 v1.2 hyperref configuration of TeXLive
)
(/usr/share/texmf-texlive/tex/latex/oberdiek/kvoptions.sty
Package: kvoptions 2009/08/13 v3.4 Keyval support for LaTeX options (HO)

(/usr/share/texmf-texlive/tex/generic/oberdiek/kvsetkeys.sty
Package: kvsetkeys 2009/07/30 v1.5 Key value parser with default handler suppor
t (HO)
))
Package hyperref Info: Hyper figures OFF on input line 2975.
Package hyperref Info: Link nesting OFF on input line 2980.
Package hyperref Info: Hyper index ON on input line 2983.
Package hyperref Info: Plain pages OFF on input line 2990.
Package hyperref Info: Backreferencing OFF on input line 2995.

Implicit mode ON; LaTeX internals redefined
Package hyperref Info: Bookmarks ON on input line 3191.
LaTeX Info: Redefining \url on input line 3428.
(/usr/share/texmf-texlive/tex/generic/oberdiek/bitset.sty
Package: bitset 2007/09/28 v1.0 Data type bit set (HO)

(/usr/share/texmf-texlive/tex/generic/oberdiek/intcalc.sty
Package: intcalc 2007/09/27 v1.1 Expandable integer calculations (HO)
)
(/usr/share/texmf-texlive/tex/generic/oberdiek/bigintcalc.sty
Package: bigintcalc 2007/11/11 v1.1 Expandable big integer calculations (HO)

(/usr/share/texmf-texlive/tex/generic/oberdiek/pdftexcmds.sty
Package: pdftexcmds 2009/09/23 v0.6 LuaTeX support for pdfTeX utility functions
 (HO)

(/usr/share/texmf-texlive/tex/generic/oberdiek/ifluatex.sty
Package: ifluatex 2009/04/17 v1.2 Provides the ifluatex switch (HO)
Package ifluatex Info: LuaTeX not detected.
)
(/usr/share/texmf-texlive/tex/generic/oberdiek/ltxcmds.sty
Package: ltxcmds 2009/08/05 v1.0 Some LaTeX kernel commands for general use (HO
)
)
Package pdftexcmds Info: LuaTeX not detected.
Package pdftexcmds Info: \pdf@primitive is available.
Package pdftexcmds Info: \pdf@ifprimitive is available.
)))
\Fld@menulength=\count95
\Field@Width=\dimen110
\Fld@charsize=\dimen111
\Field@toks=\toks16
Package hyperref Info: Hyper figures OFF on input line 4377.
Package hyperref Info: Link nesting OFF on input line 4382.
Package hyperref Info: Hyper index ON on input line 4385.
Package hyperref Info: backreferencing OFF on input line 4392.
Package hyperref Info: Link coloring OFF on input line 4397.
Package hyperref Info: Link coloring with OCG OFF on input line 4402.
Package hyperref Info: PDF/A mode OFF on input line 4407.

(/usr/share/texmf-texlive/tex/generic/oberdiek/atbegshi.sty
Package: atbegshi 2008/07/31 v1.9 At begin shipout hook (HO)
)
\Hy@abspage=\count96
\c@Item=\count97
\c@Hfootnote=\count98
)
*hyperref using default driver hpdftex*
(/usr/share/texmf-texlive/tex/latex/hyperref/hpdftex.def
File: hpdftex.def 2009/10/09 v6.79a Hyperref driver for pdfTeX
\Fld@listcount=\count99
)
(/usr/share/texmf-texlive/tex/latex/tools/tabularx.sty
Package: tabularx 1999/01/07 v2.07 `tabularx' package (DPC)

(/usr/share/texmf-texlive/tex/latex/tools/array.sty
Package: array 2008/09/09 v2.4c Tabular extension package (FMi)
\col@sep=\dimen112
\extrarowheight=\dimen113
\NC@list=\toks17
\extratabsurround=\skip43
\backup@length=\skip44
)
\TX@col@width=\dimen114
\TX@old@table=\dimen115
\TX@old@col=\dimen116
\TX@target=\dimen117
\TX@delta=\dimen118
\TX@cols=\count100
\TX@ftn=\toks18
)
(/usr/share/texmf-texlive/tex/latex/graphics/lscape.sty
Package: lscape 2000/10/22 v3.01 Landscape Pages (DPC)
)
(/usr/share/texmf-texlive/tex/latex/tools/longtable.sty
Package: longtable 2004/02/01 v4.11 Multi-page Table package (DPC)
\LTleft=\skip45
\LTright=\skip46
\LTpre=\skip47
\LTpost=\skip48
\LTchunksize=\count101
\LTcapwidth=\dimen119
\LT@head=\box26
\LT@firsthead=\box27
\LT@foot=\box28
\LT@lastfoot=\box29
\LT@cols=\count102
\LT@rows=\count103
\c@LT@tables=\count104
\c@LT@chunks=\count105
\LT@p@ftn=\toks19
)
(/usr/share/texmf-texlive/tex/latex/float/float.sty
Package: float 2001/11/08 v1.3d Float enhancements (AL)
\c@float@type=\count106
\float@exts=\toks20
\float@box=\box30
\@float@everytoks=\toks21
\@floatcapt=\box31
)
(/usr/share/texmf-texlive/tex/latex/tools/multicol.sty
Package: multicol 2008/12/05 v1.6h multicolumn formatting (FMi)
\c@tracingmulticols=\count107
\mult@box=\box32
\multicol@leftmargin=\dimen120
\c@unbalance=\count108
\c@collectmore=\count109
\doublecol@number=\count110
\multicoltolerance=\count111
\multicolpretolerance=\count112
\full@width=\dimen121
\page@free=\dimen122
\premulticols=\dimen123
\postmulticols=\dimen124
\multicolsep=\skip49
\multicolbaselineskip=\skip50
\partial@page=\box33
\last@line=\box34
\mult@rightbox=\box35
\mult@grightbox=\box36
\mult@gfirstbox=\box37
\mult@firstbox=\box38
\@tempa=\box39
\@tempa=\box40
\@tempa=\box41
\@tempa=\box42
\@tempa=\box43
\@tempa=\box44
\@tempa=\box45
\@tempa=\box46
\@tempa=\box47
\@tempa=\box48
\@tempa=\box49
\@tempa=\box50
\@tempa=\box51
\@tempa=\box52
\@tempa=\box53
\@tempa=\box54
\@tempa=\box55
\c@columnbadness=\count113
\c@finalcolumnbadness=\count114
\last@try=\dimen125
\multicolovershoot=\dimen126
\multicolundershoot=\dimen127
\mult@nat@firstbox=\box56
\colbreak@box=\box57
)
(/usr/share/texmf-texlive/tex/latex/graphics/color.sty
Package: color 2005/11/14 v1.0j Standard LaTeX Color (DPC)

(/etc/texmf/tex/latex/config/color.cfg
File: color.cfg 2007/01/18 v1.5 color configuration of teTeX/TeXLive
)
Package color Info: Driver file: pdftex.def on input line 130.
) (./Project-Report-Template.aux)
\openout1 = `Project-Report-Template.aux'.

LaTeX Font Info:    Checking defaults for OML/cmm/m/it on input line 34.
LaTeX Font Info:    ... okay on input line 34.
LaTeX Font Info:    Checking defaults for T1/cmr/m/n on input line 34.
LaTeX Font Info:    ... okay on input line 34.
LaTeX Font Info:    Checking defaults for OT1/cmr/m/n on input line 34.
LaTeX Font Info:    ... okay on input line 34.
LaTeX Font Info:    Checking defaults for OMS/cmsy/m/n on input line 34.
LaTeX Font Info:    ... okay on input line 34.
LaTeX Font Info:    Checking defaults for OMX/cmex/m/n on input line 34.
LaTeX Font Info:    ... okay on input line 34.
LaTeX Font Info:    Checking defaults for U/cmr/m/n on input line 34.
LaTeX Font Info:    ... okay on input line 34.
LaTeX Font Info:    Checking defaults for PD1/pdf/m/n on input line 34.
LaTeX Font Info:    ... okay on input line 34.

*geometry auto-detecting driver*
*geometry detected driver: pdftex*
-------------------- Geometry parameters
paper: a4paper
landscape: --
twocolumn: --
twoside: --
asymmetric: --
h-parts: 86.72377pt, 438.51411pt, 72.26999pt
v-parts: 72.26999pt, 700.50687pt, 72.26999pt
hmarginratio: --
vmarginratio: --
lines: --
heightrounded: --
bindingoffset: 0.0pt
truedimen: --
includehead: --
includefoot: --
includemp: --
driver: pdftex
-------------------- Page layout dimensions and switches
\paperwidth  597.50787pt
\paperheight 845.04684pt
\textwidth  438.51411pt
\textheight 700.50687pt
\oddsidemargin  14.45378pt
\evensidemargin 14.45378pt
\topmargin  -37.0pt
\headheight 12.0pt
\headsep    25.0pt
\footskip   30.0pt
\marginparwidth 44.0pt
\marginparsep   10.0pt
\columnsep  10.0pt
\skip\footins  10.8pt plus 4.0pt minus 2.0pt
\hoffset 0.0pt
\voffset 0.0pt
\mag 1000

(1in=72.27pt, 1cm=28.45pt)
-----------------------
(/usr/share/texmf-texlive/tex/context/base/supp-pdf.mkii
[Loading MPS to PDF converter (version 2006.09.02).]
\scratchcounter=\count115
\scratchdimen=\dimen128
\scratchbox=\box58
\nofMPsegments=\count116
\nofMParguments=\count117
\everyMPshowfont=\toks22
\MPscratchCnt=\count118
\MPscratchDim=\dimen129
\MPnumerator=\count119
\everyMPtoPDFconversion=\toks23
)
Package hyperref Info: Link coloring OFF on input line 34.
 (/usr/share/texmf-texlive/tex/latex/hyperref/nameref.sty
Package: nameref 2007/05/29 v2.31 Cross-referencing by name of section

(/usr/share/texmf-texlive/tex/latex/oberdiek/refcount.sty
Package: refcount 2008/08/11 v3.1 Data extraction from references (HO)
)
\c@section@level=\count120
)
LaTeX Info: Redefining \ref on input line 34.
LaTeX Info: Redefining \pageref on input line 34.

(./Project-Report-Template.out) (./Project-Report-Template.out)
\@outlinefile=\write3
\openout3 = `Project-Report-Template.out'.

\AtBeginShipoutBox=\box59

<IITB_logo.png, id=455, 67.2111pt x 70.1019pt>
File: IITB_logo.png Graphic file (type png)
 <use IITB_logo.png>
LaTeX Font Info:    External font `cmex10' loaded for size
(Font)              <20.74> on input line 49.
LaTeX Font Info:    External font `cmex10' loaded for size
(Font)              <14.4> on input line 49.
LaTeX Font Info:    External font `cmex10' loaded for size
(Font)              <12> on input line 49.
LaTeX Font Info:    External font `cmex10' loaded for size
(Font)              <17.28> on input line 58.

<bits_logo.png, id=457, 501.875pt x 456.70625pt>
File: bits_logo.png Graphic file (type png)
 <use bits_logo.png>
<nit_logo.jpg, id=458, 258.9675pt x 248.42813pt>
File: nit_logo.jpg Graphic file (type jpg)
 <use nit_logo.jpg>
<rgukt_logo.jpg, id=459, 236.885pt x 162.6075pt>
File: rgukt_logo.jpg Graphic file (type jpg)
 <use rgukt_logo.jpg> [1

{/var/lib/texmf/fonts/map/pdftex/updmap/pdftex.map} <./IITB_logo.png> <./bits_l
ogo.png> <./nit_logo.jpg> <./rgukt_logo.jpg>]pdfTeX warning (ext4): destination
 with the same identifier (name{page.1}) has been already used, duplicate ignor
ed
<to be read again> 
                   \relax 
l.80 
      [1]
LaTeX Font Info:    External font `cmex10' loaded for size
(Font)              <8> on input line 98.
LaTeX Font Info:    External font `cmex10' loaded for size
(Font)              <6> on input line 98.

Underfull \hbox (badness 10000) in paragraph at lines 98--102

 []

[2] [3] [4] [5]
Underfull \hbox (badness 10000) in paragraph at lines 180--181

 []


Underfull \hbox (badness 10000) in paragraph at lines 182--183

 []


Underfull \hbox (badness 10000) in paragraph at lines 184--185

 []


Underfull \hbox (badness 10000) in paragraph at lines 186--187

 []


Underfull \hbox (badness 10000) in paragraph at lines 188--192

 []

[6

] [7]
Missing character: There is no ‚ in font cmr12!
Missing character: There is no Ä in font cmr12!
Missing character: There is no ú in font cmr12!
Missing character: There is no ‚ in font cmr12!
Missing character: There is no Ä in font cmr12!
Missing character: There is no ù in font cmr12!

Underfull \hbox (badness 10000) in paragraph at lines 200--201

 []


Underfull \hbox (badness 10000) in paragraph at lines 202--203

 []

[1

] (./Project-Report-Template.lof [2

]
Missing character: There is no ¬ in font cmr12!
Missing character: There is no ≠ in font cmr12!
Missing character: There is no ¬ in font cmr12!
Missing character: There is no ≠ in font cmr12!
Missing character: There is no ¬ in font cmr12!
Missing character: There is no ≠ in font cmr12!
Missing character: There is no ¬ in font cmr12!
Missing character: There is no ≠ in font cmr12!
Missing character: There is no ¬ in font cmr12!
Missing character: There is no ≠ in font cmr12!
Missing character: There is no ¬ in font cmr12!
Missing character: There is no ≠ in font cmr12!
Missing character: There is no ¬ in font cmr12!
Missing character: There is no ≠ in font cmr12!
 [3])
\tf@lof=\write4
\openout4 = `Project-Report-Template.lof'.

 [4] (./Project-Report-Template.lot)
\tf@lot=\write5
\openout5 = `Project-Report-Template.lot'.

[5

] (./Project-Report-Template.toc [6

] [7])
\tf@toc=\write6
\openout6 = `Project-Report-Template.toc'.

 [8]
Chapter 1.

Underfull \hbox (badness 10000) in paragraph at lines 226--228

 []

Missing character: There is no ‚ in font cmr12!
Missing character: There is no Ä in font cmr12!
Missing character: There is no ì in font cmr12!
LaTeX Font Info:    Try loading font information for OMS+cmr on input line 232.

(/usr/share/texmf-texlive/tex/latex/base/omscmr.fd
File: omscmr.fd 1999/05/25 v2.5h Standard LaTeX font definitions
)
LaTeX Font Info:    Font shape `OMS/cmr/m/n' in size <12> not available
(Font)              Font shape `OMS/cmsy/m/n' tried instead on input line 232.
Missing character: There is no ‚ in font cmr12!
Missing character: There is no Ä in font cmr12!
Missing character: There is no ú in font cmr12!
Missing character: There is no ‚ in font cmr12!
Missing character: There is no Ä in font cmr12!
Missing character: There is no ù in font cmr12!

Underfull \hbox (badness 10000) in paragraph at lines 239--246

 []


Underfull \hbox (badness 10000) in paragraph at lines 239--246

 []

pdfTeX warning (ext4): destination with the same identifier (name{page.1}) has 
been already used, duplicate ignored
<to be read again> 
                   \relax 
l.246 
       [1


]
Underfull \hbox (badness 10000) in paragraph at lines 249--253

 []

pdfTeX warning (ext4): destination with the same identifier (name{page.2}) has 
been already used, duplicate ignored
<to be read again> 
                   \relax 
l.253 
       [2]pdfTeX warning (ext4): destination with the same identifier (name{pag
e.3}) has been already used, duplicate ignored
<to be read again> 
                   \relax 
l.268 \chapter
              {Overall Description} [3pdfTeX warning (ext4): destination with t
he same identifier (name{table.1.1}) has been already used, duplicate ignored

\AtBegShi@Output ...ipout \box \AtBeginShipoutBox 
                                                  \fi \fi 
l.268 \chapter
              {Overall Description}]
Chapter 2.

Underfull \hbox (badness 10000) in paragraph at lines 270--274

 []

pdfTeX warning (ext4): destination with the same identifier (name{page.4}) has 
been already used, duplicate ignored
<to be read again> 
                   \relax 
l.292 \item Q
             uiz [4

]
Underfull \hbox (badness 10000) in paragraph at lines 307--315

 []


Underfull \hbox (badness 10000) in paragraph at lines 307--315

 []

pdfTeX warning (ext4): destination with the same identifier (name{page.5}) has 
been already used, duplicate ignored
<to be read again> 
                   \relax 
l.331 \item T
             he product must be reliable. [5]
Missing character: There is no ‚ in font cmr12!
Missing character: There is no Ä in font cmr12!
Missing character: There is no ê in font cmr12!
pdfTeX warning (ext4): destination with the same identifier (name{page.6}) has 
been already used, duplicate ignored
<to be read again> 
                   \relax 
l.339 \chapter
              {Specific Requirements} [6]
Chapter 3.

Underfull \hbox (badness 10000) in paragraph at lines 359--362

 []


Underfull \hbox (badness 10000) in paragraph at lines 359--362

 []

pdfTeX warning (ext4): destination with the same identifier (name{page.7}) has 
been already used, duplicate ignored
<to be read again> 
                   \relax 
l.365 \subsubsection
                    {Procedure} [7

] [8]
Overfull \hbox (1.05356pt too wide) in paragraph at lines 403--404
\OT1/cmr/m/n/12 per-i-ment name,class , sub-ject ,de-scrip-tion ,the-ory, pro-c
e-dure ,video URL,quiz,resources
 []

[9]
Chapter 4.
[10

]
Chapter 5.

Underfull \hbox (badness 10000) in paragraph at lines 445--451

 []


Underfull \hbox (badness 10000) in paragraph at lines 445--451

 []


Underfull \hbox (badness 10000) in paragraph at lines 452--471

 []


Underfull \hbox (badness 10000) in paragraph at lines 452--471

 []

[11

] <./iterative_waterfall_model.png, id=866, 369.38pt x 269.005pt>
File: ./iterative_waterfall_model.png Graphic file (type png)

<use ./iterative_waterfall_model.png> [12] [13pdfTeX warning (ext4): destinatio
n with the same identifier (name{figure.5.1}) has been already used, duplicate 
ignored

\AtBegShi@Output ...ipout \box \AtBeginShipoutBox 
                                                  \fi \fi 
l.527 \item P
             ercentage completion of functionality could not be determined i...
 <./iterative_waterfall_model.png (PNG copy)>]
<./usecase_app.png, id=875, 983.17313pt x 722.7pt>
File: ./usecase_app.png Graphic file (type png)
 <use ./usecase_app.png>
[14pdfTeX warning (ext4): destination with the same identifier (name{figure.5.2
}) has been already used, duplicate ignored

\AtBegShi@Output ...ipout \box \AtBeginShipoutBox 
                                                  \fi \fi 
l.545 
       <./usecase_app.png (PNG copy)>]
<./use_case_web_new.png, id=880, 813.79031pt x 665.48625pt>
File: ./use_case_web_new.png Graphic file (type png)

<use ./use_case_web_new.png> [15pdfTeX warning (ext4): destination with the sam
e identifier (name{figure.5.3}) has been already used, duplicate ignored

\AtBegShi@Output ...ipout \box \AtBeginShipoutBox 
                                                  \fi \fi 
l.554 
       <./use_case_web_new.png (PNG copy)>]
Underfull \hbox (badness 10000) in paragraph at lines 556--690

 []


Underfull \hbox (badness 10000) in paragraph at lines 556--690

 []


Underfull \hbox (badness 10000) in paragraph at lines 556--690

 []


Underfull \hbox (badness 10000) in paragraph at lines 556--690

 []


Underfull \hbox (badness 10000) in paragraph at lines 556--690

 []


Underfull \hbox (badness 10000) in paragraph at lines 556--690

 []


Underfull \hbox (badness 10000) in paragraph at lines 556--690

 []


Underfull \hbox (badness 10000) in paragraph at lines 556--690

 []


Underfull \hbox (badness 10000) in paragraph at lines 556--690

 []


Underfull \hbox (badness 10000) in paragraph at lines 556--690

 []


Underfull \hbox (badness 10000) in paragraph at lines 556--690

 []


Underfull \hbox (badness 10000) in paragraph at lines 556--690

 []


Underfull \hbox (badness 10000) in paragraph at lines 556--690

 []


Underfull \hbox (badness 10000) in paragraph at lines 556--690

 []


Underfull \hbox (badness 10000) in paragraph at lines 556--690

 []


Underfull \hbox (badness 10000) in paragraph at lines 556--690

 []


Underfull \hbox (badness 10000) in paragraph at lines 556--690

 []

[16] [17] [18] <./activity.png, id=899, 752.8125pt x 838.13126pt>
File: ./activity.png Graphic file (type png)

<use ./activity.png> [19pdfTeX warning (ext4): destination with the same identi
fier (name{figure.5.4}) has been already used, duplicate ignored

\AtBegShi@Output ...ipout \box \AtBeginShipoutBox 
                                                  \fi \fi 
l.707 
       <./activity.png>]
Underfull \hbox (badness 10000) in paragraph at lines 709--712

 []

<./class_all.png, id=905, 867.24pt x 1414.28375pt>
File: ./class_all.png Graphic file (type png)
 <use ./class_all.png>
<./class_exp.png, id=906, 864.22874pt x 1126.2075pt>
File: ./class_exp.png Graphic file (type png)
 <use ./class_exp.png>
[20pdfTeX warning (ext4): destination with the same identifier (name{figure.5.5
}) has been already used, duplicate ignored

\AtBegShi@Output ...ipout \box \AtBeginShipoutBox 
                                                  \fi \fi 
l.726 
       <./class_all.png (PNG copy)>]
<./class_main.png, id=911, 869.2475pt x 938.50626pt>
File: ./class_main.png Graphic file (type png)
 <use ./class_main.png>
[21pdfTeX warning (ext4): destination with the same identifier (name{figure.5.6
}) has been already used, duplicate ignored

\AtBegShi@Output ...ipout \box \AtBeginShipoutBox 
                                                  \fi \fi 
l.733 
       <./class_exp.png (PNG copy)>]
<./class_package.png, id=917, 505.89pt x 181.67876pt>
File: ./class_package.png Graphic file (type png)

<use ./class_package.png>
<./class_quiz.png, id=918, 978.65625pt x 1757.56625pt>
File: ./class_quiz.png Graphic file (type png)
 <use ./class_quiz.png>
[22pdfTeX warning (ext4): destination with the same identifier (name{figure.5.7
}) has been already used, duplicate ignored

\AtBegShi@Output ...ipout \box \AtBeginShipoutBox 
                                                  \fi \fi 
l.747 
      pdfTeX warning (ext4): destination with the same identifier (name{figure.
5.8}) has been already used, duplicate ignored

\AtBegShi@Output ...ipout \box \AtBeginShipoutBox 
                                                  \fi \fi 
l.747 
       <./class_main.png (PNG copy)> <./class_package.png (PNG copy)>]
<./class_simulation.png, id=923, 1741.50626pt x 1788.6825pt>
File: ./class_simulation.png Graphic file (type png)

<use ./class_simulation.png> [23pdfTeX warning (ext4): destination with the sam
e identifier (name{figure.5.9}) has been already used, duplicate ignored

\AtBegShi@Output ...ipout \box \AtBeginShipoutBox 
                                                  \fi \fi 
l.754 
       <./class_quiz.png (PNG copy)>]
<./dfd_level0.png, id=928, 471.7625pt x 259.97125pt>
File: ./dfd_level0.png Graphic file (type png)
 <use ./dfd_level0.png>
<./dfd_level1_image1.png, id=929, 547.04375pt x 386.44376pt>
File: ./dfd_level1_image1.png Graphic file (type png)

<use ./dfd_level1_image1.png> [24pdfTeX warning (ext4): destination with the sa
me identifier (name{figure.5.10}) has been already used, duplicate ignored

\AtBegShi@Output ...ipout \box \AtBeginShipoutBox 
                                                  \fi \fi 
l.770 
      pdfTeX warning (ext4): destination with the same identifier (name{figure.
5.11}) has been already used, duplicate ignored

\AtBegShi@Output ...ipout \box \AtBeginShipoutBox 
                                                  \fi \fi 
l.770 
       <./class_simulation.png (PNG copy)> <./dfd_level0.png>]
<./dfd_level1_image2.png, id=935, 566.115pt x 366.36874pt>
File: ./dfd_level1_image2.png Graphic file (type png)

<use ./dfd_level1_image2.png> <./sequence_1.png, id=936, 562.1pt x 590.205pt>
File: ./sequence_1.png Graphic file (type png)

<use ./sequence_1.png> [25pdfTeX warning (ext4): destination with the same iden
tifier (name{figure.5.12}) has been already used, duplicate ignored

\AtBegShi@Output ...ipout \box \AtBeginShipoutBox 
                                                  \fi \fi 
l.786 
      pdfTeX warning (ext4): destination with the same identifier (name{figure.
5.13}) has been already used, duplicate ignored

\AtBegShi@Output ...ipout \box \AtBeginShipoutBox 
                                                  \fi \fi 
l.786 
       <./dfd_level1_image1.png> <./dfd_level1_image2.png>]
<./sequence_2.png, id=943, 758.835pt x 644.4075pt>
File: ./sequence_2.png Graphic file (type png)
 <use ./sequence_2.png>
<./er_contact.png, id=944, 542.025pt x 309.155pt>
File: ./er_contact.png Graphic file (type png)
 <use ./er_contact.png>
[26pdfTeX warning (ext4): destination with the same identifier (name{figure.5.1
4}) has been already used, duplicate ignored

\AtBegShi@Output ...ipout \box \AtBeginShipoutBox 
                                                  \fi \fi 
l.802 
      pdfTeX warning (ext4): destination with the same identifier (name{figure.
5.15}) has been already used, duplicate ignored

\AtBegShi@Output ...ipout \box \AtBeginShipoutBox 
                                                  \fi \fi 
l.802 
       <./sequence_1.png> <./sequence_2.png (PNG copy)>]
<./er_contributer.png, id=950, 519.9425pt x 336.25626pt>
File: ./er_contributer.png Graphic file (type png)

<use ./er_contributer.png>
<./er_experiment.png, id=951, 528.97626pt x 443.6575pt>
File: ./er_experiment.png Graphic file (type png)

<use ./er_experiment.png> [27pdfTeX warning (ext4): destination with the same i
dentifier (name{figure.5.16}) has been already used, duplicate ignored

\AtBegShi@Output ...ipout \box \AtBeginShipoutBox 
                                                  \fi \fi 
l.816 
      pdfTeX warning (ext4): destination with the same identifier (name{figure.
5.17}) has been already used, duplicate ignored

\AtBegShi@Output ...ipout \box \AtBeginShipoutBox 
                                                  \fi \fi 
l.816 
       <./er_contact.png (PNG copy)> <./er_contributer.png (PNG copy)>]
<./er_reviewer.png, id=957, 500.87125pt x 364.36125pt>
File: ./er_reviewer.png Graphic file (type png)
 <use ./er_reviewer.png>
[28pdfTeX warning (ext4): destination with the same identifier (name{figure.5.1
8}) has been already used, duplicate ignored

\AtBegShi@Output ...ipout \box \AtBeginShipoutBox 
                                                  \fi \fi 
l.824 \chapter
              {Testing}pdfTeX warning (ext4): destination with the same identif
ier (name{figure.5.19}) has been already used, duplicate ignored

\AtBegShi@Output ...ipout \box \AtBeginShipoutBox 
                                                  \fi \fi 
l.824 \chapter
              {Testing} <./er_experiment.png (PNG copy)> <./er_reviewer.png (PN
G copy)>]
Chapter 6.

Underfull \hbox (badness 10000) in paragraph at lines 855--873

 []


Underfull \hbox (badness 10000) in paragraph at lines 855--873

 []

[29

]
Underfull \hbox (badness 10000) in paragraph at lines 875--886

 []

[30]
Chapter 7.
[31

] [32] [33] <./1.png, id=983, 803.0pt x 481.8pt>
File: ./1.png Graphic file (type png)
 <use ./1.png> [34pdfTeX warning (ext4): destination with the same identifier (
name{figure.7.1}) has been already used, duplicate ignored

\AtBegShi@Output ...ipout \box \AtBeginShipoutBox 
                                                  \fi \fi 
l.1009 \begin
             {figure}[H] <./1.png (PNG copy)>]
<./2.png, id=988, 803.0pt x 481.8pt>
File: ./2.png Graphic file (type png)
 <use ./2.png>
<./3.png, id=989, 803.0pt x 481.8pt>
File: ./3.png Graphic file (type png)
 <use ./3.png>
<./4.png, id=990, 803.0pt x 481.8pt>
File: ./4.png Graphic file (type png)
 <use ./4.png> [35pdfTeX warning (ext4): destination with the same identifier (
name{figure.7.2}) has been already used, duplicate ignored

\AtBegShi@Output ...ipout \box \AtBeginShipoutBox 
                                                  \fi \fi 
l.1026 
       pdfTeX warning (ext4): destination with the same identifier (name{figure
.7.3}) has been already used, duplicate ignored

\AtBegShi@Output ...ipout \box \AtBeginShipoutBox 
                                                  \fi \fi 
l.1026 
        <./2.png (PNG copy)> <./3.png (PNG copy)>]
<./5.png, id=995, 803.0pt x 481.8pt>
File: ./5.png Graphic file (type png)
 <use ./5.png>
<./6.png, id=996, 803.0pt x 481.8pt>
File: ./6.png Graphic file (type png)
 <use ./6.png> [36pdfTeX warning (ext4): destination with the same identifier (
name{figure.7.4}) has been already used, duplicate ignored

\AtBegShi@Output ...ipout \box \AtBeginShipoutBox 
                                                  \fi \fi 
l.1038 
       pdfTeX warning (ext4): destination with the same identifier (name{figure
.7.5}) has been already used, duplicate ignored

\AtBegShi@Output ...ipout \box \AtBeginShipoutBox 
                                                  \fi \fi 
l.1038 
        <./4.png (PNG copy)> <./5.png (PNG copy)>]
<./7.png, id=1001, 803.0pt x 481.8pt>
File: ./7.png Graphic file (type png)
 <use ./7.png>
<./8.png, id=1002, 803.0pt x 481.8pt>
File: ./8.png Graphic file (type png)
 <use ./8.png> [37pdfTeX warning (ext4): destination with the same identifier (
name{figure.7.6}) has been already used, duplicate ignored

\AtBegShi@Output ...ipout \box \AtBeginShipoutBox 
                                                  \fi \fi 
l.1050 
       pdfTeX warning (ext4): destination with the same identifier (name{figure
.7.7}) has been already used, duplicate ignored

\AtBegShi@Output ...ipout \box \AtBeginShipoutBox 
                                                  \fi \fi 
l.1050 
        <./6.png (PNG copy)> <./7.png (PNG copy)>]
<./11.png, id=1007, 803.0pt x 481.8pt>
File: ./11.png Graphic file (type png)
 <use ./11.png>
<./12.png, id=1008, 803.0pt x 481.8pt>
File: ./12.png Graphic file (type png)
 <use ./12.png> [38pdfTeX warning (ext4): destination with the same identifier 
(name{figure.7.8}) has been already used, duplicate ignored

\AtBegShi@Output ...ipout \box \AtBeginShipoutBox 
                                                  \fi \fi 
l.1062 
       pdfTeX warning (ext4): destination with the same identifier (name{figure
.7.9}) has been already used, duplicate ignored

\AtBegShi@Output ...ipout \box \AtBeginShipoutBox 
                                                  \fi \fi 
l.1062 
        <./8.png (PNG copy)> <./11.png (PNG copy)>]
<./13.png, id=1013, 803.0pt x 481.8pt>
File: ./13.png Graphic file (type png)
 <use ./13.png>
<./14.png, id=1014, 803.0pt x 481.8pt>
File: ./14.png Graphic file (type png)
 <use ./14.png> [39pdfTeX warning (ext4): destination with the same identifier 
(name{figure.7.10}) has been already used, duplicate ignored

\AtBegShi@Output ...ipout \box \AtBeginShipoutBox 
                                                  \fi \fi 
l.1074 
       pdfTeX warning (ext4): destination with the same identifier (name{figure
.7.11}) has been already used, duplicate ignored

\AtBegShi@Output ...ipout \box \AtBeginShipoutBox 
                                                  \fi \fi 
l.1074 
        <./12.png (PNG copy)> <./13.png (PNG copy)>]
<./16.png, id=1020, 803.0pt x 481.8pt>
File: ./16.png Graphic file (type png)
 <use ./16.png>
<./17.png, id=1021, 803.0pt x 481.8pt>
File: ./17.png Graphic file (type png)
 <use ./17.png> [40pdfTeX warning (ext4): destination with the same identifier 
(name{figure.7.12}) has been already used, duplicate ignored

\AtBegShi@Output ...ipout \box \AtBeginShipoutBox 
                                                  \fi \fi 
l.1087 
       pdfTeX warning (ext4): destination with the same identifier (name{figure
.7.13}) has been already used, duplicate ignored

\AtBegShi@Output ...ipout \box \AtBeginShipoutBox 
                                                  \fi \fi 
l.1087 
        <./14.png (PNG copy)> <./16.png (PNG copy)>]
<./18.png, id=1026, 803.0pt x 481.8pt>
File: ./18.png Graphic file (type png)
 <use ./18.png>
<./20.png, id=1027, 803.0pt x 481.8pt>
File: ./20.png Graphic file (type png)
 <use ./20.png> [41pdfTeX warning (ext4): destination with the same identifier 
(name{figure.7.14}) has been already used, duplicate ignored

\AtBegShi@Output ...ipout \box \AtBeginShipoutBox 
                                                  \fi \fi 
l.1100 
       pdfTeX warning (ext4): destination with the same identifier (name{figure
.7.15}) has been already used, duplicate ignored

\AtBegShi@Output ...ipout \box \AtBeginShipoutBox 
                                                  \fi \fi 
l.1100 
        <./17.png (PNG copy)> <./18.png (PNG copy)>]
<./22.png, id=1032, 803.0pt x 481.8pt>
File: ./22.png Graphic file (type png)
 <use ./22.png>
<./24.png, id=1033, 803.0pt x 481.8pt>
File: ./24.png Graphic file (type png)
 <use ./24.png> [42pdfTeX warning (ext4): destination with the same identifier 
(name{figure.7.16}) has been already used, duplicate ignored

\AtBegShi@Output ...ipout \box \AtBeginShipoutBox 
                                                  \fi \fi 
l.1114 
       pdfTeX warning (ext4): destination with the same identifier (name{figure
.7.17}) has been already used, duplicate ignored

\AtBegShi@Output ...ipout \box \AtBeginShipoutBox 
                                                  \fi \fi 
l.1114 
        <./20.png (PNG copy)> <./22.png (PNG copy)>]
<./25.png, id=1038, 803.0pt x 481.8pt>
File: ./25.png Graphic file (type png)
 <use ./25.png>
<./27.png, id=1039, 803.0pt x 481.8pt>
File: ./27.png Graphic file (type png)
 <use ./27.png> [43pdfTeX warning (ext4): destination with the same identifier 
(name{figure.7.18}) has been already used, duplicate ignored

\AtBegShi@Output ...ipout \box \AtBeginShipoutBox 
                                                  \fi \fi 
l.1128 
       pdfTeX warning (ext4): destination with the same identifier (name{figure
.7.19}) has been already used, duplicate ignored

\AtBegShi@Output ...ipout \box \AtBeginShipoutBox 
                                                  \fi \fi 
l.1128 
        <./24.png (PNG copy)> <./25.png (PNG copy)>]
<./28.png, id=1044, 803.0pt x 481.8pt>
File: ./28.png Graphic file (type png)
 <use ./28.png>
<./29.png, id=1045, 803.0pt x 481.8pt>
File: ./29.png Graphic file (type png)
 <use ./29.png> [44pdfTeX warning (ext4): destination with the same identifier 
(name{figure.7.20}) has been already used, duplicate ignored

\AtBegShi@Output ...ipout \box \AtBeginShipoutBox 
                                                  \fi \fi 
l.1140 
       pdfTeX warning (ext4): destination with the same identifier (name{figure
.7.21}) has been already used, duplicate ignored

\AtBegShi@Output ...ipout \box \AtBeginShipoutBox 
                                                  \fi \fi 
l.1140 
        <./27.png (PNG copy)> <./28.png (PNG copy)>]
<./30.png, id=1050, 803.0pt x 481.8pt>
File: ./30.png Graphic file (type png)
 <use ./30.png>
<./31.png, id=1051, 803.0pt x 481.8pt>
File: ./31.png Graphic file (type png)
 <use ./31.png> [45pdfTeX warning (ext4): destination with the same identifier 
(name{figure.7.22}) has been already used, duplicate ignored

\AtBegShi@Output ...ipout \box \AtBeginShipoutBox 
                                                  \fi \fi 
l.1152 
       pdfTeX warning (ext4): destination with the same identifier (name{figure
.7.23}) has been already used, duplicate ignored

\AtBegShi@Output ...ipout \box \AtBeginShipoutBox 
                                                  \fi \fi 
l.1152 
        <./29.png (PNG copy)> <./30.png (PNG copy)>]
<./32.png, id=1057, 803.0pt x 481.8pt>
File: ./32.png Graphic file (type png)
 <use ./32.png>
<./33.png, id=1058, 803.0pt x 481.8pt>
File: ./33.png Graphic file (type png)
 <use ./33.png> [46pdfTeX warning (ext4): destination with the same identifier 
(name{figure.7.24}) has been already used, duplicate ignored

\AtBegShi@Output ...ipout \box \AtBeginShipoutBox 
                                                  \fi \fi 
l.1164 
       pdfTeX warning (ext4): destination with the same identifier (name{figure
.7.25}) has been already used, duplicate ignored

\AtBegShi@Output ...ipout \box \AtBeginShipoutBox 
                                                  \fi \fi 
l.1164 
        <./31.png (PNG copy)> <./32.png (PNG copy)>]
<./37.png, id=1063, 803.0pt x 481.8pt>
File: ./37.png Graphic file (type png)
 <use ./37.png>
<./34.png, id=1064, 803.0pt x 481.8pt>
File: ./34.png Graphic file (type png)
 <use ./34.png> [47pdfTeX warning (ext4): destination with the same identifier 
(name{figure.7.26}) has been already used, duplicate ignored

\AtBegShi@Output ...ipout \box \AtBeginShipoutBox 
                                                  \fi \fi 
l.1177 
       pdfTeX warning (ext4): destination with the same identifier (name{figure
.7.27}) has been already used, duplicate ignored

\AtBegShi@Output ...ipout \box \AtBeginShipoutBox 
                                                  \fi \fi 
l.1177 
        <./33.png (PNG copy)> <./37.png (PNG copy)>]
<./35.png, id=1069, 803.0pt x 481.8pt>
File: ./35.png Graphic file (type png)
 <use ./35.png>
<./36.png, id=1070, 803.0pt x 481.8pt>
File: ./36.png Graphic file (type png)
 <use ./36.png> [48pdfTeX warning (ext4): destination with the same identifier 
(name{figure.7.28}) has been already used, duplicate ignored

\AtBegShi@Output ...ipout \box \AtBeginShipoutBox 
                                                  \fi \fi 
l.1189 
       pdfTeX warning (ext4): destination with the same identifier (name{figure
.7.29}) has been already used, duplicate ignored

\AtBegShi@Output ...ipout \box \AtBeginShipoutBox 
                                                  \fi \fi 
l.1189 
        <./34.png (PNG copy)> <./35.png (PNG copy)>]
<./38.png, id=1075, 803.0pt x 481.8pt>
File: ./38.png Graphic file (type png)
 <use ./38.png>
<./37_1.png, id=1076, 803.0pt x 481.8pt>
File: ./37_1.png Graphic file (type png)
 <use ./37_1.png> [49pdfTeX warning (ext4): destination with the same identifie
r (name{figure.7.30}) has been already used, duplicate ignored

\AtBegShi@Output ...ipout \box \AtBeginShipoutBox 
                                                  \fi \fi 
l.1202 
       pdfTeX warning (ext4): destination with the same identifier (name{figure
.7.31}) has been already used, duplicate ignored

\AtBegShi@Output ...ipout \box \AtBeginShipoutBox 
                                                  \fi \fi 
l.1202 
        <./36.png (PNG copy)> <./38.png (PNG copy)>]
<./40.png, id=1081, 803.0pt x 481.8pt>
File: ./40.png Graphic file (type png)
 <use ./40.png> [50pdfTeX warning (ext4): destination with the same identifier 
(name{figure.7.32}) has been already used, duplicate ignored

\AtBegShi@Output ...ipout \box \AtBeginShipoutBox 
                                                  \fi \fi 
l.1212 
       pdfTeX warning (ext4): destination with the same identifier (name{figure
.7.33}) has been already used, duplicate ignored

\AtBegShi@Output ...ipout \box \AtBeginShipoutBox 
                                                  \fi \fi 
l.1212 
        <./37_1.png (PNG copy)> <./40.png (PNG copy)>]
Underfull \hbox (badness 10000) in paragraph at lines 1233--1242

 []


Underfull \hbox (badness 10000) in paragraph at lines 1256--1257

 []

Missing character: There is no ¬ in font cmr12!
Missing character: There is no ≠ in font cmr12!

Overfull \hbox (19.19641pt too wide) in paragraph at lines 1263--1264
[]\OT1/cmr/m/n/12 If the ap-pli-ca-tion is in Con-tin-u-ous Mode  It will play 
the whole an-i-ma-tion/experiment
 []

[51]
Missing character: There is no ¬ in font cmr12!
Missing character: There is no ≠ in font cmr12!
Missing character: There is no ¬ in font cmr12!
Missing character: There is no ≠ in font cmr12!
Missing character: There is no ¬ in font cmr12!
Missing character: There is no ≠ in font cmr12!
 <./101.png, id=1091, 803.0pt x 481.8pt>
File: ./101.png Graphic file (type png)
 <use ./101.png> [52]
<./102.png, id=1096, 803.0pt x 481.8pt>
File: ./102.png Graphic file (type png)
 <use ./102.png>
Missing character: There is no ¬ in font cmr12!
Missing character: There is no ≠ in font cmr12!
Missing character: There is no ¬ in font cmr12!
Missing character: There is no ≠ in font cmr12!
Missing character: There is no ¬ in font cmr12!
Missing character: There is no ≠ in font cmr12!
Missing character: There is no ¬ in font cmr12!
Missing character: There is no ≠ in font cmr12!

<./103.png, id=1097, 803.0pt x 481.8pt>
File: ./103.png Graphic file (type png)
 <use ./103.png>
Missing character: There is no ¬ in font cmr12!
Missing character: There is no ≠ in font cmr12!
 [53pdfTeX warning (ext4): destination with the same identifier (name{figure.7.
34}) has been already used, duplicate ignored

\AtBegShi@Output ...ipout \box \AtBeginShipoutBox 
                                                  \fi \fi 
l.1306 
       pdfTeX warning (ext4): destination with the same identifier (name{figure
.7.35}) has been already used, duplicate ignored

\AtBegShi@Output ...ipout \box \AtBeginShipoutBox 
                                                  \fi \fi 
l.1306 
        <./101.png (PNG copy)> <./102.png (PNG copy)>]
<./104.png, id=1102, 803.0pt x 481.8pt>
File: ./104.png Graphic file (type png)
 <use ./104.png>
<./106.png, id=1103, 803.0pt x 481.8pt>
File: ./106.png Graphic file (type png)
 <use ./106.png>
Missing character: There is no ¬ in font cmr12!
Missing character: There is no ≠ in font cmr12!
Missing character: There is no ¬ in font cmr12!
Missing character: There is no ≠ in font cmr12!
 [54pdfTeX warning (ext4): destination with the same identifier (name{figure.7.
36}) has been already used, duplicate ignored

\AtBegShi@Output ...ipout \box \AtBeginShipoutBox 
                                                  \fi \fi 
l.1318 
       pdfTeX warning (ext4): destination with the same identifier (name{figure
.7.37}) has been already used, duplicate ignored

\AtBegShi@Output ...ipout \box \AtBeginShipoutBox 
                                                  \fi \fi 
l.1318 
        <./103.png (PNG copy)> <./104.png (PNG copy)>]
<./107.png, id=1108, 803.0pt x 481.8pt>
File: ./107.png Graphic file (type png)
 <use ./107.png>
Missing character: There is no ¬ in font cmr12!
Missing character: There is no ≠ in font cmr12!
Missing character: There is no ¬ in font cmr12!
Missing character: There is no ≠ in font cmr12!

<./108.png, id=1109, 803.0pt x 481.8pt>
File: ./108.png Graphic file (type png)
 <use ./108.png>
Missing character: There is no ¬ in font cmr12!
Missing character: There is no ≠ in font cmr12!
Missing character: There is no ¬ in font cmr12!
Missing character: There is no ≠ in font cmr12!
 [55pdfTeX warning (ext4): destination with the same identifier (name{figure.7.
38}) has been already used, duplicate ignored

\AtBegShi@Output ...ipout \box \AtBeginShipoutBox 
                                                  \fi \fi 
l.1330 
       pdfTeX warning (ext4): destination with the same identifier (name{figure
.7.39}) has been already used, duplicate ignored

\AtBegShi@Output ...ipout \box \AtBeginShipoutBox 
                                                  \fi \fi 
l.1330 
        <./106.png (PNG copy)> <./107.png (PNG copy)>]
<./109.png, id=1114, 803.0pt x 481.8pt>
File: ./109.png Graphic file (type png)
 <use ./109.png>
Missing character: There is no ¬ in font cmr12!
Missing character: There is no ≠ in font cmr12!
Missing character: There is no ¬ in font cmr12!
Missing character: There is no ≠ in font cmr12!

<./110.png, id=1115, 803.0pt x 481.8pt>
File: ./110.png Graphic file (type png)
 <use ./110.png> [56pdfTeX warning (ext4): destination with the same identifier
 (name{figure.7.40}) has been already used, duplicate ignored

\AtBegShi@Output ...ipout \box \AtBeginShipoutBox 
                                                  \fi \fi 
l.1342 
       pdfTeX warning (ext4): destination with the same identifier (name{figure
.7.41}) has been already used, duplicate ignored

\AtBegShi@Output ...ipout \box \AtBeginShipoutBox 
                                                  \fi \fi 
l.1342 
        <./108.png (PNG copy)> <./109.png (PNG copy)>] [57pdfTeX warning (ext4)
: destination with the same identifier (name{figure.7.42}) has been already use
d, duplicate ignored

\AtBegShi@Output ...ipout \box \AtBeginShipoutBox 
                                                  \fi \fi 
l.1343 \chapter
               {User Manual - Web Portal} <./110.png (PNG copy)>]
Chapter 8.

Underfull \hbox (badness 10000) in paragraph at lines 1347--1350

 []

[58

]
Missing character: There is no ‚ in font cmr12!
Missing character: There is no Ä in font cmr12!
Missing character: There is no ô in font cmr12!
Missing character: There is no ‚ in font cmr12!
Missing character: There is no Ä in font cmr12!
Missing character: There is no ô in font cmr12!

Underfull \hbox (badness 10000) in paragraph at lines 1384--1395

 []


Underfull \hbox (badness 10000) in paragraph at lines 1384--1395

 []


Underfull \hbox (badness 10000) in paragraph at lines 1384--1395

 []


Underfull \hbox (badness 10000) in paragraph at lines 1384--1395

 []


Underfull \hbox (badness 10000) in paragraph at lines 1384--1395

 []


Underfull \hbox (badness 10000) in paragraph at lines 1384--1395

 []


Underfull \hbox (badness 10000) in paragraph at lines 1384--1395

 []

Missing character: There is no ‚ in font cmr12!
Missing character: There is no Ä in font cmr12!
Missing character: There is no ô in font cmr12!

Underfull \hbox (badness 10000) in paragraph at lines 1396--1397

 []

[59] [60]
Missing character: There is no ‚ in font cmr12!
Missing character: There is no Ä in font cmr12!
Missing character: There is no ô in font cmr12!
 [61]
Underfull \hbox (badness 10000) in paragraph at lines 1510--1513

 []

[62] <./301.jpg, id=1145, 1371.1225pt x 770.88pt>
File: ./301.jpg Graphic file (type jpg)
 <use ./301.jpg>
<./302.jpg, id=1146, 1371.1225pt x 770.88pt>
File: ./302.jpg Graphic file (type jpg)
 <use ./302.jpg>
<./303.jpg, id=1147, 1371.1225pt x 770.88pt>
File: ./303.jpg Graphic file (type jpg)
 <use ./303.jpg>
<./304.jpg, id=1148, 1015.54407pt x 488.57532pt>
File: ./304.jpg Graphic file (type jpg)
 <use ./304.jpg> [63pdfTeX warning (ext4): destination with the same identifier
 (name{figure.8.1}) has been already used, duplicate ignored

\AtBegShi@Output ...ipout \box \AtBeginShipoutBox 
                                                  \fi \fi 
l.1535 \end{figure}
                   pdfTeX warning (ext4): destination with the same identifier 
(name{figure.8.2}) has been already used, duplicate ignored

\AtBegShi@Output ...ipout \box \AtBeginShipoutBox 
                                                  \fi \fi 
l.1535 \end{figure}
                    <./301.jpg> <./302.jpg>]
<./305.jpg, id=1154, 1014.79124pt x 493.0922pt>
File: ./305.jpg Graphic file (type jpg)
 <use ./305.jpg>
<./306.jpg, id=1155, 1014.03844pt x 493.845pt>
File: ./306.jpg Graphic file (type jpg)
 <use ./306.jpg> [64pdfTeX warning (ext4): destination with the same identifier
 (name{figure.8.3}) has been already used, duplicate ignored

\AtBegShi@Output ...ipout \box \AtBeginShipoutBox 
                                                  \fi \fi 
l.1545 \end{figure}
                   pdfTeX warning (ext4): destination with the same identifier 
(name{figure.8.4}) has been already used, duplicate ignored

\AtBegShi@Output ...ipout \box \AtBeginShipoutBox 
                                                  \fi \fi 
l.1545 \end{figure}
                    <./303.jpg> <./304.jpg>]
<./307.jpg, id=1161, 1015.54407pt x 492.33937pt>
File: ./307.jpg Graphic file (type jpg)
 <use ./307.jpg>
<./308.jpg, id=1162, 1371.1225pt x 770.88pt>
File: ./308.jpg Graphic file (type jpg)
 <use ./308.jpg> [65pdfTeX warning (ext4): destination with the same identifier
 (name{figure.8.5}) has been already used, duplicate ignored

\AtBegShi@Output ...ipout \box \AtBeginShipoutBox 
                                                  \fi \fi 
l.1555 \end{figure}
                   pdfTeX warning (ext4): destination with the same identifier 
(name{figure.8.6}) has been already used, duplicate ignored

\AtBegShi@Output ...ipout \box \AtBeginShipoutBox 
                                                  \fi \fi 
l.1555 \end{figure}
                    <./305.jpg> <./306.jpg>]
<./309.jpg, id=1169, 1028.34187pt x 578.16pt>
File: ./309.jpg Graphic file (type jpg)
 <use ./309.jpg>
<./310.jpg, id=1170, 1028.34187pt x 578.16pt>
File: ./310.jpg Graphic file (type jpg)
 <use ./310.jpg> [66pdfTeX warning (ext4): destination with the same identifier
 (name{figure.8.7}) has been already used, duplicate ignored

\AtBegShi@Output ...ipout \box \AtBeginShipoutBox 
                                                  \fi \fi 
l.1565 \end{figure}
                   pdfTeX warning (ext4): destination with the same identifier 
(name{figure.8.8}) has been already used, duplicate ignored

\AtBegShi@Output ...ipout \box \AtBeginShipoutBox 
                                                  \fi \fi 
l.1565 \end{figure}
                    <./307.jpg> <./308.jpg>]
<./311.jpg, id=1176, 1028.34187pt x 578.16pt>
File: ./311.jpg Graphic file (type jpg)
 <use ./311.jpg>
<./312.jpg, id=1177, 1028.34187pt x 578.16pt>
File: ./312.jpg Graphic file (type jpg)
 <use ./312.jpg> [67pdfTeX warning (ext4): destination with the same identifier
 (name{figure.8.9}) has been already used, duplicate ignored

\AtBegShi@Output ...ipout \box \AtBeginShipoutBox 
                                                  \fi \fi 
l.1575 \end{figure}
                   pdfTeX warning (ext4): destination with the same identifier 
(name{figure.8.10}) has been already used, duplicate ignored

\AtBegShi@Output ...ipout \box \AtBeginShipoutBox 
                                                  \fi \fi 
l.1575 \end{figure}
                    <./309.jpg (PNG copy)> <./310.jpg (PNG copy)>]
<./313.jpg, id=1182, 1014.79124pt x 493.845pt>
File: ./313.jpg Graphic file (type jpg)
 <use ./313.jpg>
<./314.jpg, id=1183, 1016.29688pt x 489.32813pt>
File: ./314.jpg Graphic file (type jpg)
 <use ./314.jpg> [68pdfTeX warning (ext4): destination with the same identifier
 (name{figure.8.11}) has been already used, duplicate ignored

\AtBegShi@Output ...ipout \box \AtBeginShipoutBox 
                                                  \fi \fi 
l.1585 \end{figure}
                   pdfTeX warning (ext4): destination with the same identifier 
(name{figure.8.12}) has been already used, duplicate ignored

\AtBegShi@Output ...ipout \box \AtBeginShipoutBox 
                                                  \fi \fi 
l.1585 \end{figure}
                    <./311.jpg (PNG copy)> <./312.jpg (PNG copy)>]
<./315.jpg, id=1188, 1015.54407pt x 495.35063pt>
File: ./315.jpg Graphic file (type jpg)
 <use ./315.jpg> [69pdfTeX warning (ext4): destination with the same identifier
 (name{figure.8.13}) has been already used, duplicate ignored

\AtBegShi@Output ...ipout \box \AtBeginShipoutBox 
                                                  \fi \fi 
l.1591 
       pdfTeX warning (ext4): destination with the same identifier (name{figure
.8.14}) has been already used, duplicate ignored

\AtBegShi@Output ...ipout \box \AtBeginShipoutBox 
                                                  \fi \fi 
l.1591 
        <./313.jpg> <./314.jpg>] <./317.jpg, id=1196, 1371.1225pt x 770.88pt>
File: ./317.jpg Graphic file (type jpg)

<use ./317.jpg> <./318.jpg, id=1197, 1371.1225pt x 770.88pt>
File: ./318.jpg Graphic file (type jpg)
 <use ./318.jpg>
<./319.jpg, id=1198, 1014.79124pt x 493.0922pt>
File: ./319.jpg Graphic file (type jpg)
 <use ./319.jpg> [70pdfTeX warning (ext4): destination with the same identifier
 (name{figure.8.15}) has been already used, duplicate ignored

\AtBegShi@Output ...ipout \box \AtBeginShipoutBox 
                                                  \fi \fi 
l.1606 \end{figure}
                   pdfTeX warning (ext4): destination with the same identifier 
(name{figure.8.16}) has been already used, duplicate ignored

\AtBegShi@Output ...ipout \box \AtBeginShipoutBox 
                                                  \fi \fi 
l.1606 \end{figure}
                    <./315.jpg> <./317.jpg>]
<./320.jpg, id=1204, 1013.28563pt x 494.59781pt>
File: ./320.jpg Graphic file (type jpg)
 <use ./320.jpg>
<./321.jpg, id=1205, 1016.29688pt x 493.0922pt>
File: ./321.jpg Graphic file (type jpg)
 <use ./321.jpg> [71pdfTeX warning (ext4): destination with the same identifier
 (name{figure.8.17}) has been already used, duplicate ignored

\AtBegShi@Output ...ipout \box \AtBeginShipoutBox 
                                                  \fi \fi 
l.1616 \end{figure}
                   pdfTeX warning (ext4): destination with the same identifier 
(name{figure.8.18}) has been already used, duplicate ignored

\AtBegShi@Output ...ipout \box \AtBeginShipoutBox 
                                                  \fi \fi 
l.1616 \end{figure}
                    <./318.jpg> <./319.jpg>]
<./322.jpg, id=1211, 1017.8025pt x 493.845pt>
File: ./322.jpg Graphic file (type jpg)
 <use ./322.jpg>
<./323.jpg, id=1212, 1028.34187pt x 578.16pt>
File: ./323.jpg Graphic file (type jpg)
 <use ./323.jpg> [72pdfTeX warning (ext4): destination with the same identifier
 (name{figure.8.19}) has been already used, duplicate ignored

\AtBegShi@Output ...ipout \box \AtBeginShipoutBox 
                                                  \fi \fi 
l.1626 \end{figure}
                   pdfTeX warning (ext4): destination with the same identifier 
(name{figure.8.20}) has been already used, duplicate ignored

\AtBegShi@Output ...ipout \box \AtBeginShipoutBox 
                                                  \fi \fi 
l.1626 \end{figure}
                    <./320.jpg> <./321.jpg>]
<./324.jpg, id=1219, 963.6pt x 541.02126pt>
File: ./324.jpg Graphic file (type jpg)
 <use ./324.jpg> [73pdfTeX warning (ext4): destination with the same identifier
 (name{figure.8.21}) has been already used, duplicate ignored

\AtBegShi@Output ...ipout \box \AtBeginShipoutBox 
                                                  \fi \fi 
l.1632 
       pdfTeX warning (ext4): destination with the same identifier (name{figure
.8.22}) has been already used, duplicate ignored

\AtBegShi@Output ...ipout \box \AtBeginShipoutBox 
                                                  \fi \fi 
l.1632 
        <./322.jpg> <./323.jpg (PNG copy)>]
<./325.jpg, id=1225, 963.6pt x 541.02126pt>
File: ./325.jpg Graphic file (type jpg)
 <use ./325.jpg> [74pdfTeX warning (ext4): destination with the same identifier
 (name{figure.8.23}) has been already used, duplicate ignored

\AtBegShi@Output ...ipout \box \AtBeginShipoutBox 
                                                  \fi \fi 
l.1639 \chapter
               {Conclusion}pdfTeX warning (ext4): destination with the same ide
ntifier (name{figure.8.24}) has been already used, duplicate ignored

\AtBegShi@Output ...ipout \box \AtBeginShipoutBox 
                                                  \fi \fi 
l.1639 \chapter
               {Conclusion} <./324.jpg> <./325.jpg>]
Chapter 9.
Missing character: There is no ‚ in font cmr12!
Missing character: There is no Ä in font cmr12!
Missing character: There is no ú in font cmr12!
Missing character: There is no ‚ in font cmr12!
Missing character: There is no Ä in font cmr12!
Missing character: There is no ù in font cmr12!

Underfull \hbox (badness 10000) in paragraph at lines 1641--1642

 []

[75

]
Chapter 10.
No file Project-Report-Template.bbl.
[76

] (./Project-Report-Template.aux) ) 
Here is how much of TeX's memory you used:
 5888 strings out of 495061
 84557 string characters out of 1182621
 163354 words of memory out of 3000000
 8615 multiletter control sequences out of 15000+50000
 10951 words of font info for 38 fonts, out of 3000000 for 9000
 28 hyphenation exceptions out of 8191
 38i,10n,36p,1173b,356s stack positions out of 5000i,500n,10000p,200000b,50000s
</usr/share/texmf-texlive/fonts/type1/public
/amsfonts/cm/cmbx12.pfb></usr/share/texmf-texlive/fonts/type1/public/amsfonts/c
m/cmmi8.pfb></usr/share/texmf-texlive/fonts/type1/public/amsfonts/cm/cmr12.pfb>
</usr/share/texmf-texlive/fonts/type1/public/amsfonts/cm/cmr17.pfb></usr/share/
texmf-texlive/fonts/type1/public/amsfonts/cm/cmsy10.pfb>
Output written on Project-Report-Template.pdf (92 pages, 6594163 bytes).
PDF statistics:
 1322 PDF objects out of 1440 (max. 8388607)
 289 named destinations out of 1000 (max. 500000)
 1350 words of extra memory for PDF output out of 10000 (max. 10000000)

